{
  "stats": {
    "suites": 4,
    "tests": 5,
    "passes": 0,
    "pending": 0,
    "failures": 5,
    "start": "2025-11-06T18:43:37.657Z",
    "end": "2025-11-06T18:46:26.902Z",
    "duration": 169245,
    "testsRegistered": 5,
    "passPercent": 0,
    "pendingPercent": 0,
    "other": 0,
    "hasOther": false,
    "skipped": 0,
    "hasSkipped": false
  },
  "results": [
    {
      "uuid": "c353d75d-8659-4b3b-9ae2-3728e2b73f2e",
      "title": "",
      "fullFile": "cypress\\e2e\\auth.cy.js",
      "file": "cypress\\e2e\\auth.cy.js",
      "beforeHooks": [],
      "afterHooks": [],
      "tests": [],
      "suites": [
        {
          "uuid": "b83dba6a-0be7-4fd0-85d4-1d76778eb6da",
          "title": "Authentication Flow",
          "fullFile": "",
          "file": "",
          "beforeHooks": [],
          "afterHooks": [],
          "tests": [],
          "suites": [
            {
              "uuid": "87e4072e-6a8c-4ec0-97a9-05eac609e4b9",
              "title": "User Registration",
              "fullFile": "",
              "file": "",
              "beforeHooks": [],
              "afterHooks": [],
              "tests": [
                {
                  "title": "should register a new user successfully",
                  "fullTitle": "Authentication Flow User Registration should register a new user successfully",
                  "timedOut": null,
                  "duration": 11209,
                  "state": "failed",
                  "speed": null,
                  "pass": false,
                  "fail": true,
                  "pending": false,
                  "context": null,
                  "code": "cy.visit('/register');\ncy.get('[data-testid=\"username-input\"]').type('newuser');\ncy.get('[data-testid=\"email-input\"]').type('newuser@example.com');\ncy.get('[data-testid=\"password-input\"]').type('Password123!');\ncy.get('[data-testid=\"confirm-password-input\"]').type('Password123!');\ncy.get('[data-testid=\"register-button\"]').click();\ncy.url().should('include', '/dashboard');\ncy.get('[data-testid=\"welcome-message\"]').should('be.visible');",
                  "err": {
                    "message": "AssertionError: Timed out retrying after 10000ms: Expected to find element: `[data-testid=\"username-input\"]`, but never found it.",
                    "estack": "AssertionError: Timed out retrying after 10000ms: Expected to find element: `[data-testid=\"username-input\"]`, but never found it.\n    at Context.eval (webpack://mern/./cypress/e2e/auth.cy.js:11:9)",
                    "diff": null
                  },
                  "uuid": "e21e3c5b-c0a3-4945-8e7b-70aa7f14f4cf",
                  "parentUUID": "87e4072e-6a8c-4ec0-97a9-05eac609e4b9",
                  "isHook": false,
                  "skipped": false
                },
                {
                  "title": "should show validation errors for invalid input",
                  "fullTitle": "Authentication Flow User Registration should show validation errors for invalid input",
                  "timedOut": null,
                  "duration": 10601,
                  "state": "failed",
                  "speed": null,
                  "pass": false,
                  "fail": true,
                  "pending": false,
                  "context": null,
                  "code": "cy.visit('/register');\ncy.get('[data-testid=\"register-button\"]').click();\ncy.get('[data-testid=\"error-message\"]').should('be.visible');\ncy.url().should('include', '/register');",
                  "err": {
                    "message": "AssertionError: Timed out retrying after 10000ms: Expected to find element: `[data-testid=\"register-button\"]`, but never found it.",
                    "estack": "AssertionError: Timed out retrying after 10000ms: Expected to find element: `[data-testid=\"register-button\"]`, but never found it.\n    at Context.eval (webpack://mern/./cypress/e2e/auth.cy.js:25:9)",
                    "diff": null
                  },
                  "uuid": "26a808bf-4e44-4aae-b6f6-77c4a74f2166",
                  "parentUUID": "87e4072e-6a8c-4ec0-97a9-05eac609e4b9",
                  "isHook": false,
                  "skipped": false
                }
              ],
              "suites": [],
              "passes": [],
              "failures": [
                "e21e3c5b-c0a3-4945-8e7b-70aa7f14f4cf",
                "26a808bf-4e44-4aae-b6f6-77c4a74f2166"
              ],
              "pending": [],
              "skipped": [],
              "duration": 21810,
              "root": false,
              "rootEmpty": false,
              "_timeout": 2000
            },
            {
              "uuid": "876aa6d0-f041-499d-b004-69b4a1d103dd",
              "title": "User Login",
              "fullFile": "",
              "file": "",
              "beforeHooks": [],
              "afterHooks": [],
              "tests": [
                {
                  "title": "should login successfully with valid credentials",
                  "fullTitle": "Authentication Flow User Login should login successfully with valid credentials",
                  "timedOut": null,
                  "duration": 10687,
                  "state": "failed",
                  "speed": null,
                  "pass": false,
                  "fail": true,
                  "pending": false,
                  "context": null,
                  "code": "cy.login('test@example.com', 'Password123!');\ncy.url().should('include', '/dashboard');\ncy.get('[data-testid=\"user-menu\"]').should('be.visible');",
                  "err": {
                    "message": "AssertionError: Timed out retrying after 10000ms: Expected to find element: `[data-testid=\"email-input\"]`, but never found it.",
                    "estack": "AssertionError: Timed out retrying after 10000ms: Expected to find element: `[data-testid=\"email-input\"]`, but never found it.\n    at Context.eval (webpack://mern/./cypress/support/commands.js:6:5)\n    at wrapped (http://localhost:5000/__cypress/runner/cypress_runner.js:145673:43)",
                    "diff": null
                  },
                  "uuid": "3b0ba2c6-a3c7-402b-a61b-0da6778b6dbc",
                  "parentUUID": "876aa6d0-f041-499d-b004-69b4a1d103dd",
                  "isHook": false,
                  "skipped": false
                },
                {
                  "title": "should show error for invalid credentials",
                  "fullTitle": "Authentication Flow User Login should show error for invalid credentials",
                  "timedOut": null,
                  "duration": 10726,
                  "state": "failed",
                  "speed": null,
                  "pass": false,
                  "fail": true,
                  "pending": false,
                  "context": null,
                  "code": "cy.visit('/login');\ncy.get('[data-testid=\"email-input\"]').type('wrong@example.com');\ncy.get('[data-testid=\"password-input\"]').type('wrongpassword');\ncy.get('[data-testid=\"login-button\"]').click();\ncy.get('[data-testid=\"error-message\"]').should('be.visible').and('contain', 'Invalid credentials');",
                  "err": {
                    "message": "AssertionError: Timed out retrying after 10000ms: Expected to find element: `[data-testid=\"email-input\"]`, but never found it.",
                    "estack": "AssertionError: Timed out retrying after 10000ms: Expected to find element: `[data-testid=\"email-input\"]`, but never found it.\n    at Context.eval (webpack://mern/./cypress/e2e/auth.cy.js:54:9)",
                    "diff": null
                  },
                  "uuid": "55b3c575-2895-46b8-a834-11a10c878a8e",
                  "parentUUID": "876aa6d0-f041-499d-b004-69b4a1d103dd",
                  "isHook": false,
                  "skipped": false
                }
              ],
              "suites": [],
              "passes": [],
              "failures": [
                "3b0ba2c6-a3c7-402b-a61b-0da6778b6dbc",
                "55b3c575-2895-46b8-a834-11a10c878a8e"
              ],
              "pending": [],
              "skipped": [],
              "duration": 21413,
              "root": false,
              "rootEmpty": false,
              "_timeout": 2000
            },
            {
              "uuid": "8f9f0004-90eb-40fe-889d-1d621b128190",
              "title": "User Logout",
              "fullFile": "",
              "file": "",
              "beforeHooks": [],
              "afterHooks": [],
              "tests": [
                {
                  "title": "should logout successfully",
                  "fullTitle": "Authentication Flow User Logout should logout successfully",
                  "timedOut": null,
                  "duration": 10768,
                  "state": "failed",
                  "speed": null,
                  "pass": false,
                  "fail": true,
                  "pending": false,
                  "context": null,
                  "code": "cy.seedData({\n  users: [{\n    email: 'test@example.com',\n    password: 'Password123!',\n    username: 'testuser'\n  }]\n});\ncy.login('test@example.com', 'Password123!');\ncy.get('[data-testid=\"user-menu\"]').click();\ncy.get('[data-testid=\"logout-button\"]').click();\ncy.url().should('include', '/login');\ncy.get('[data-testid=\"user-menu\"]').should('not.exist');",
                  "err": {
                    "message": "AssertionError: Timed out retrying after 10000ms: Expected to find element: `[data-testid=\"email-input\"]`, but never found it.",
                    "estack": "AssertionError: Timed out retrying after 10000ms: Expected to find element: `[data-testid=\"email-input\"]`, but never found it.\n    at Context.eval (webpack://mern/./cypress/support/commands.js:6:5)\n    at wrapped (http://localhost:5000/__cypress/runner/cypress_runner.js:145673:43)",
                    "diff": null
                  },
                  "uuid": "518a6657-fc9a-495e-a9c2-ac6c677fc2f0",
                  "parentUUID": "8f9f0004-90eb-40fe-889d-1d621b128190",
                  "isHook": false,
                  "skipped": false
                }
              ],
              "suites": [],
              "passes": [],
              "failures": [
                "518a6657-fc9a-495e-a9c2-ac6c677fc2f0"
              ],
              "pending": [],
              "skipped": [],
              "duration": 10768,
              "root": false,
              "rootEmpty": false,
              "_timeout": 2000
            }
          ],
          "passes": [],
          "failures": [],
          "pending": [],
          "skipped": [],
          "duration": 0,
          "root": false,
          "rootEmpty": false,
          "_timeout": 2000
        }
      ],
      "passes": [],
      "failures": [],
      "pending": [],
      "skipped": [],
      "duration": 0,
      "root": true,
      "rootEmpty": true,
      "_timeout": 2000
    }
  ],
  "meta": {
    "mocha": {
      "version": "7.2.0"
    },
    "mochawesome": {
      "options": {
        "quiet": false,
        "reportFilename": "mochawesome",
        "saveHtml": true,
        "saveJson": true,
        "consoleReporter": "spec",
        "useInlineDiffs": false,
        "code": true
      },
      "version": "7.1.4"
    },
    "marge": {
      "options": {
        "reportDir": "cypress/reports",
        "overwrite": false,
        "html": true,
        "json": true
      },
      "version": "6.3.2"
    }
  }
}