<!doctype html>
<html lang="en"><head><meta charSet="utf-8"/><meta http-equiv="X-UA-Compatible" content="IE=edge"/><meta name="viewport" content="width=device-width, initial-scale=1"/><title>Mochawesome Report</title><link rel="stylesheet" href="assets\app.css"/></head><body data-raw="{&quot;stats&quot;:{&quot;suites&quot;:4,&quot;tests&quot;:5,&quot;passes&quot;:0,&quot;pending&quot;:0,&quot;failures&quot;:5,&quot;start&quot;:&quot;2025-11-06T18:43:37.657Z&quot;,&quot;end&quot;:&quot;2025-11-06T18:46:26.902Z&quot;,&quot;duration&quot;:169245,&quot;testsRegistered&quot;:5,&quot;passPercent&quot;:0,&quot;pendingPercent&quot;:0,&quot;other&quot;:0,&quot;hasOther&quot;:false,&quot;skipped&quot;:0,&quot;hasSkipped&quot;:false},&quot;results&quot;:[{&quot;uuid&quot;:&quot;c353d75d-8659-4b3b-9ae2-3728e2b73f2e&quot;,&quot;title&quot;:&quot;&quot;,&quot;fullFile&quot;:&quot;cypress\\e2e\\auth.cy.js&quot;,&quot;file&quot;:&quot;cypress\\e2e\\auth.cy.js&quot;,&quot;beforeHooks&quot;:[],&quot;afterHooks&quot;:[],&quot;tests&quot;:[],&quot;suites&quot;:[{&quot;uuid&quot;:&quot;b83dba6a-0be7-4fd0-85d4-1d76778eb6da&quot;,&quot;title&quot;:&quot;Authentication Flow&quot;,&quot;fullFile&quot;:&quot;&quot;,&quot;file&quot;:&quot;&quot;,&quot;beforeHooks&quot;:[],&quot;afterHooks&quot;:[],&quot;tests&quot;:[],&quot;suites&quot;:[{&quot;uuid&quot;:&quot;87e4072e-6a8c-4ec0-97a9-05eac609e4b9&quot;,&quot;title&quot;:&quot;User Registration&quot;,&quot;fullFile&quot;:&quot;&quot;,&quot;file&quot;:&quot;&quot;,&quot;beforeHooks&quot;:[],&quot;afterHooks&quot;:[],&quot;tests&quot;:[{&quot;title&quot;:&quot;should register a new user successfully&quot;,&quot;fullTitle&quot;:&quot;Authentication Flow User Registration should register a new user successfully&quot;,&quot;duration&quot;:11209,&quot;state&quot;:&quot;failed&quot;,&quot;pass&quot;:false,&quot;fail&quot;:true,&quot;pending&quot;:false,&quot;code&quot;:&quot;cy.visit(&#x27;/register&#x27;);\ncy.get(&#x27;[data-testid=\&quot;username-input\&quot;]&#x27;).type(&#x27;newuser&#x27;);\ncy.get(&#x27;[data-testid=\&quot;email-input\&quot;]&#x27;).type(&#x27;newuser@example.com&#x27;);\ncy.get(&#x27;[data-testid=\&quot;password-input\&quot;]&#x27;).type(&#x27;Password123!&#x27;);\ncy.get(&#x27;[data-testid=\&quot;confirm-password-input\&quot;]&#x27;).type(&#x27;Password123!&#x27;);\ncy.get(&#x27;[data-testid=\&quot;register-button\&quot;]&#x27;).click();\ncy.url().should(&#x27;include&#x27;, &#x27;/dashboard&#x27;);\ncy.get(&#x27;[data-testid=\&quot;welcome-message\&quot;]&#x27;).should(&#x27;be.visible&#x27;);&quot;,&quot;err&quot;:{&quot;message&quot;:&quot;AssertionError: Timed out retrying after 10000ms: Expected to find element: `[data-testid=\&quot;username-input\&quot;]`, but never found it.&quot;,&quot;estack&quot;:&quot;AssertionError: Timed out retrying after 10000ms: Expected to find element: `[data-testid=\&quot;username-input\&quot;]`, but never found it.\n    at Context.eval (webpack://mern/./cypress/e2e/auth.cy.js:11:9)&quot;},&quot;uuid&quot;:&quot;e21e3c5b-c0a3-4945-8e7b-70aa7f14f4cf&quot;,&quot;parentUUID&quot;:&quot;87e4072e-6a8c-4ec0-97a9-05eac609e4b9&quot;,&quot;isHook&quot;:false,&quot;skipped&quot;:false},{&quot;title&quot;:&quot;should show validation errors for invalid input&quot;,&quot;fullTitle&quot;:&quot;Authentication Flow User Registration should show validation errors for invalid input&quot;,&quot;duration&quot;:10601,&quot;state&quot;:&quot;failed&quot;,&quot;pass&quot;:false,&quot;fail&quot;:true,&quot;pending&quot;:false,&quot;code&quot;:&quot;cy.visit(&#x27;/register&#x27;);\ncy.get(&#x27;[data-testid=\&quot;register-button\&quot;]&#x27;).click();\ncy.get(&#x27;[data-testid=\&quot;error-message\&quot;]&#x27;).should(&#x27;be.visible&#x27;);\ncy.url().should(&#x27;include&#x27;, &#x27;/register&#x27;);&quot;,&quot;err&quot;:{&quot;message&quot;:&quot;AssertionError: Timed out retrying after 10000ms: Expected to find element: `[data-testid=\&quot;register-button\&quot;]`, but never found it.&quot;,&quot;estack&quot;:&quot;AssertionError: Timed out retrying after 10000ms: Expected to find element: `[data-testid=\&quot;register-button\&quot;]`, but never found it.\n    at Context.eval (webpack://mern/./cypress/e2e/auth.cy.js:25:9)&quot;},&quot;uuid&quot;:&quot;26a808bf-4e44-4aae-b6f6-77c4a74f2166&quot;,&quot;parentUUID&quot;:&quot;87e4072e-6a8c-4ec0-97a9-05eac609e4b9&quot;,&quot;isHook&quot;:false,&quot;skipped&quot;:false}],&quot;suites&quot;:[],&quot;passes&quot;:[],&quot;failures&quot;:[&quot;e21e3c5b-c0a3-4945-8e7b-70aa7f14f4cf&quot;,&quot;26a808bf-4e44-4aae-b6f6-77c4a74f2166&quot;],&quot;pending&quot;:[],&quot;skipped&quot;:[],&quot;duration&quot;:21810,&quot;root&quot;:false,&quot;rootEmpty&quot;:false,&quot;_timeout&quot;:2000},{&quot;uuid&quot;:&quot;876aa6d0-f041-499d-b004-69b4a1d103dd&quot;,&quot;title&quot;:&quot;User Login&quot;,&quot;fullFile&quot;:&quot;&quot;,&quot;file&quot;:&quot;&quot;,&quot;beforeHooks&quot;:[],&quot;afterHooks&quot;:[],&quot;tests&quot;:[{&quot;title&quot;:&quot;should login successfully with valid credentials&quot;,&quot;fullTitle&quot;:&quot;Authentication Flow User Login should login successfully with valid credentials&quot;,&quot;duration&quot;:10687,&quot;state&quot;:&quot;failed&quot;,&quot;pass&quot;:false,&quot;fail&quot;:true,&quot;pending&quot;:false,&quot;code&quot;:&quot;cy.login(&#x27;test@example.com&#x27;, &#x27;Password123!&#x27;);\ncy.url().should(&#x27;include&#x27;, &#x27;/dashboard&#x27;);\ncy.get(&#x27;[data-testid=\&quot;user-menu\&quot;]&#x27;).should(&#x27;be.visible&#x27;);&quot;,&quot;err&quot;:{&quot;message&quot;:&quot;AssertionError: Timed out retrying after 10000ms: Expected to find element: `[data-testid=\&quot;email-input\&quot;]`, but never found it.&quot;,&quot;estack&quot;:&quot;AssertionError: Timed out retrying after 10000ms: Expected to find element: `[data-testid=\&quot;email-input\&quot;]`, but never found it.\n    at Context.eval (webpack://mern/./cypress/support/commands.js:6:5)\n    at wrapped (http://localhost:5000/__cypress/runner/cypress_runner.js:145673:43)&quot;},&quot;uuid&quot;:&quot;3b0ba2c6-a3c7-402b-a61b-0da6778b6dbc&quot;,&quot;parentUUID&quot;:&quot;876aa6d0-f041-499d-b004-69b4a1d103dd&quot;,&quot;isHook&quot;:false,&quot;skipped&quot;:false},{&quot;title&quot;:&quot;should show error for invalid credentials&quot;,&quot;fullTitle&quot;:&quot;Authentication Flow User Login should show error for invalid credentials&quot;,&quot;duration&quot;:10726,&quot;state&quot;:&quot;failed&quot;,&quot;pass&quot;:false,&quot;fail&quot;:true,&quot;pending&quot;:false,&quot;code&quot;:&quot;cy.visit(&#x27;/login&#x27;);\ncy.get(&#x27;[data-testid=\&quot;email-input\&quot;]&#x27;).type(&#x27;wrong@example.com&#x27;);\ncy.get(&#x27;[data-testid=\&quot;password-input\&quot;]&#x27;).type(&#x27;wrongpassword&#x27;);\ncy.get(&#x27;[data-testid=\&quot;login-button\&quot;]&#x27;).click();\ncy.get(&#x27;[data-testid=\&quot;error-message\&quot;]&#x27;).should(&#x27;be.visible&#x27;).and(&#x27;contain&#x27;, &#x27;Invalid credentials&#x27;);&quot;,&quot;err&quot;:{&quot;message&quot;:&quot;AssertionError: Timed out retrying after 10000ms: Expected to find element: `[data-testid=\&quot;email-input\&quot;]`, but never found it.&quot;,&quot;estack&quot;:&quot;AssertionError: Timed out retrying after 10000ms: Expected to find element: `[data-testid=\&quot;email-input\&quot;]`, but never found it.\n    at Context.eval (webpack://mern/./cypress/e2e/auth.cy.js:54:9)&quot;},&quot;uuid&quot;:&quot;55b3c575-2895-46b8-a834-11a10c878a8e&quot;,&quot;parentUUID&quot;:&quot;876aa6d0-f041-499d-b004-69b4a1d103dd&quot;,&quot;isHook&quot;:false,&quot;skipped&quot;:false}],&quot;suites&quot;:[],&quot;passes&quot;:[],&quot;failures&quot;:[&quot;3b0ba2c6-a3c7-402b-a61b-0da6778b6dbc&quot;,&quot;55b3c575-2895-46b8-a834-11a10c878a8e&quot;],&quot;pending&quot;:[],&quot;skipped&quot;:[],&quot;duration&quot;:21413,&quot;root&quot;:false,&quot;rootEmpty&quot;:false,&quot;_timeout&quot;:2000},{&quot;uuid&quot;:&quot;8f9f0004-90eb-40fe-889d-1d621b128190&quot;,&quot;title&quot;:&quot;User Logout&quot;,&quot;fullFile&quot;:&quot;&quot;,&quot;file&quot;:&quot;&quot;,&quot;beforeHooks&quot;:[],&quot;afterHooks&quot;:[],&quot;tests&quot;:[{&quot;title&quot;:&quot;should logout successfully&quot;,&quot;fullTitle&quot;:&quot;Authentication Flow User Logout should logout successfully&quot;,&quot;duration&quot;:10768,&quot;state&quot;:&quot;failed&quot;,&quot;pass&quot;:false,&quot;fail&quot;:true,&quot;pending&quot;:false,&quot;code&quot;:&quot;cy.seedData({\n  users: [{\n    email: &#x27;test@example.com&#x27;,\n    password: &#x27;Password123!&#x27;,\n    username: &#x27;testuser&#x27;\n  }]\n});\ncy.login(&#x27;test@example.com&#x27;, &#x27;Password123!&#x27;);\ncy.get(&#x27;[data-testid=\&quot;user-menu\&quot;]&#x27;).click();\ncy.get(&#x27;[data-testid=\&quot;logout-button\&quot;]&#x27;).click();\ncy.url().should(&#x27;include&#x27;, &#x27;/login&#x27;);\ncy.get(&#x27;[data-testid=\&quot;user-menu\&quot;]&#x27;).should(&#x27;not.exist&#x27;);&quot;,&quot;err&quot;:{&quot;message&quot;:&quot;AssertionError: Timed out retrying after 10000ms: Expected to find element: `[data-testid=\&quot;email-input\&quot;]`, but never found it.&quot;,&quot;estack&quot;:&quot;AssertionError: Timed out retrying after 10000ms: Expected to find element: `[data-testid=\&quot;email-input\&quot;]`, but never found it.\n    at Context.eval (webpack://mern/./cypress/support/commands.js:6:5)\n    at wrapped (http://localhost:5000/__cypress/runner/cypress_runner.js:145673:43)&quot;},&quot;uuid&quot;:&quot;518a6657-fc9a-495e-a9c2-ac6c677fc2f0&quot;,&quot;parentUUID&quot;:&quot;8f9f0004-90eb-40fe-889d-1d621b128190&quot;,&quot;isHook&quot;:false,&quot;skipped&quot;:false}],&quot;suites&quot;:[],&quot;passes&quot;:[],&quot;failures&quot;:[&quot;518a6657-fc9a-495e-a9c2-ac6c677fc2f0&quot;],&quot;pending&quot;:[],&quot;skipped&quot;:[],&quot;duration&quot;:10768,&quot;root&quot;:false,&quot;rootEmpty&quot;:false,&quot;_timeout&quot;:2000}],&quot;passes&quot;:[],&quot;failures&quot;:[],&quot;pending&quot;:[],&quot;skipped&quot;:[],&quot;duration&quot;:0,&quot;root&quot;:false,&quot;rootEmpty&quot;:false,&quot;_timeout&quot;:2000}],&quot;passes&quot;:[],&quot;failures&quot;:[],&quot;pending&quot;:[],&quot;skipped&quot;:[],&quot;duration&quot;:0,&quot;root&quot;:true,&quot;rootEmpty&quot;:true,&quot;_timeout&quot;:2000}],&quot;meta&quot;:{&quot;mocha&quot;:{&quot;version&quot;:&quot;7.2.0&quot;},&quot;mochawesome&quot;:{&quot;options&quot;:{&quot;quiet&quot;:false,&quot;reportFilename&quot;:&quot;mochawesome&quot;,&quot;saveHtml&quot;:true,&quot;saveJson&quot;:true,&quot;consoleReporter&quot;:&quot;spec&quot;,&quot;useInlineDiffs&quot;:false,&quot;code&quot;:true},&quot;version&quot;:&quot;7.1.4&quot;},&quot;marge&quot;:{&quot;options&quot;:{&quot;reportDir&quot;:&quot;cypress/reports&quot;,&quot;overwrite&quot;:false,&quot;html&quot;:true,&quot;json&quot;:true},&quot;version&quot;:&quot;6.3.2&quot;}}}" data-config="{&quot;reportFilename&quot;:&quot;mochawesome&quot;,&quot;reportDir&quot;:&quot;cypress/reports&quot;,&quot;reportTitle&quot;:&quot;Automated Testing Pipeline&quot;,&quot;reportPageTitle&quot;:&quot;Mochawesome Report&quot;,&quot;inline&quot;:false,&quot;inlineAssets&quot;:false,&quot;cdn&quot;:false,&quot;charts&quot;:false,&quot;enableCharts&quot;:false,&quot;code&quot;:true,&quot;enableCode&quot;:true,&quot;autoOpen&quot;:false,&quot;overwrite&quot;:false,&quot;timestamp&quot;:false,&quot;ts&quot;:false,&quot;showPassed&quot;:true,&quot;showFailed&quot;:true,&quot;showPending&quot;:true,&quot;showSkipped&quot;:false,&quot;showHooks&quot;:&quot;failed&quot;,&quot;saveJson&quot;:true,&quot;saveHtml&quot;:true,&quot;dev&quot;:false,&quot;assetsDir&quot;:&quot;cypress\\reports\\assets&quot;,&quot;jsonFile&quot;:&quot;D:\\Full Stack\\Project\\Automated Testing Pipeline\\cypress\\reports\\mochawesome.json&quot;,&quot;htmlFile&quot;:&quot;D:\\Full Stack\\Project\\Automated Testing Pipeline\\cypress\\reports\\mochawesome.html&quot;}"><div id="report"></div><script src="assets\app.js"></script></body></html>