{
  "stats": {
    "suites": 2,
    "tests": 1,
    "passes": 0,
    "pending": 0,
    "failures": 1,
    "start": "2025-11-06T18:15:52.147Z",
    "end": "2025-11-06T18:15:55.130Z",
    "duration": 2983,
    "testsRegistered": 5,
    "passPercent": 0,
    "pendingPercent": 0,
    "other": 0,
    "hasOther": false,
    "skipped": 4,
    "hasSkipped": true
  },
  "results": [
    {
      "uuid": "afd97043-b334-4dd7-adf4-3ae904f4c481",
      "title": "",
      "fullFile": "cypress\\e2e\\auth.cy.js",
      "file": "cypress\\e2e\\auth.cy.js",
      "beforeHooks": [],
      "afterHooks": [],
      "tests": [],
      "suites": [
        {
          "uuid": "4e91aac7-5729-4026-947e-39667ff1fb07",
          "title": "Authentication Flow",
          "fullFile": "",
          "file": "",
          "beforeHooks": [],
          "afterHooks": [],
          "tests": [],
          "suites": [
            {
              "uuid": "13ba44d9-5070-464a-9bc1-c4698ffbe370",
              "title": "User Registration",
              "fullFile": "",
              "file": "",
              "beforeHooks": [],
              "afterHooks": [],
              "tests": [
                {
                  "title": "should register a new user successfully",
                  "fullTitle": "Authentication Flow User Registration should register a new user successfully",
                  "timedOut": null,
                  "duration": 159,
                  "state": "failed",
                  "speed": null,
                  "pass": false,
                  "fail": true,
                  "pending": false,
                  "context": null,
                  "code": "cy.visit('/register');\ncy.get('[data-testid=\"username-input\"]').type('newuser');\ncy.get('[data-testid=\"email-input\"]').type('newuser@example.com');\ncy.get('[data-testid=\"password-input\"]').type('Password123!');\ncy.get('[data-testid=\"confirm-password-input\"]').type('Password123!');\ncy.get('[data-testid=\"register-button\"]').click();\ncy.url().should('include', '/dashboard');\ncy.get('[data-testid=\"welcome-message\"]').should('be.visible');",
                  "err": {
                    "message": "CypressError: `cy.request()` failed on:\n\nhttp://localhost:5000/api/test/clear\n\nThe response we received from your web server was:\n\n  > 404: Not Found\n\nThis was considered a failure because the status code was not `2xx` or `3xx`.\n\nIf you do not want status codes to cause failures pass the option: `failOnStatusCode: false`\n\n-----------------------------------------------------------\n\nThe request we sent was:\n\nMethod: POST\nURL: http://localhost:5000/api/test/clear\nHeaders: {\n  \"Connection\": \"keep-alive\",\n  \"user-agent\": \"Mozilla/5.0 (Windows NT 10.0; Win64; x64) AppleWebKit/537.36 (KHTML, like Gecko) HeadlessChrome/142.0.0.0 Safari/537.36\",\n  \"accept\": \"*/*\",\n  \"accept-encoding\": \"gzip, deflate\",\n  \"content-length\": 0\n}\n\n-----------------------------------------------------------\n\nThe response we got was:\n\nStatus: 404 - Not Found\nHeaders: {\n  \"x-powered-by\": \"Express\",\n  \"access-control-allow-origin\": \"*\",\n  \"access-control-allow-headers\": \"Origin, X-Requested-With, Content-Type, Accept\",\n  \"content-security-policy\": \"default-src 'none'\",\n  \"x-content-type-options\": \"nosniff\",\n  \"content-type\": \"text/html; charset=utf-8\",\n  \"content-length\": \"154\",\n  \"date\": \"Thu, 06 Nov 2025 18:15:54 GMT\",\n  \"connection\": \"keep-alive\",\n  \"keep-alive\": \"timeout=5\"\n}\nBody: <!DOCTYPE html>\n<html lang=\"en\">\n<head>\n<meta charset=\"utf-8\">\n<title>Error</title>\n</head>\n<body>\n<pre>Cannot POST /api/test/clear</pre>\n</body>\n</html>\n\nhttps://on.cypress.io/request\n\nBecause this error occurred during a `before each` hook we are skipping the remaining tests in the current suite: `Authentication Flow`",
                    "estack": "CypressError: `cy.request()` failed on:\n\nhttp://localhost:5000/api/test/clear\n\nThe response we received from your web server was:\n\n  > 404: Not Found\n\nThis was considered a failure because the status code was not `2xx` or `3xx`.\n\nIf you do not want status codes to cause failures pass the option: `failOnStatusCode: false`\n\n-----------------------------------------------------------\n\nThe request we sent was:\n\nMethod: POST\nURL: http://localhost:5000/api/test/clear\nHeaders: {\n  \"Connection\": \"keep-alive\",\n  \"user-agent\": \"Mozilla/5.0 (Windows NT 10.0; Win64; x64) AppleWebKit/537.36 (KHTML, like Gecko) HeadlessChrome/142.0.0.0 Safari/537.36\",\n  \"accept\": \"*/*\",\n  \"accept-encoding\": \"gzip, deflate\",\n  \"content-length\": 0\n}\n\n-----------------------------------------------------------\n\nThe response we got was:\n\nStatus: 404 - Not Found\nHeaders: {\n  \"x-powered-by\": \"Express\",\n  \"access-control-allow-origin\": \"*\",\n  \"access-control-allow-headers\": \"Origin, X-Requested-With, Content-Type, Accept\",\n  \"content-security-policy\": \"default-src 'none'\",\n  \"x-content-type-options\": \"nosniff\",\n  \"content-type\": \"text/html; charset=utf-8\",\n  \"content-length\": \"154\",\n  \"date\": \"Thu, 06 Nov 2025 18:15:54 GMT\",\n  \"connection\": \"keep-alive\",\n  \"keep-alive\": \"timeout=5\"\n}\nBody: <!DOCTYPE html>\n<html lang=\"en\">\n<head>\n<meta charset=\"utf-8\">\n<title>Error</title>\n</head>\n<body>\n<pre>Cannot POST /api/test/clear</pre>\n</body>\n</html>\n\nhttps://on.cypress.io/request\n\nBecause this error occurred during a `before each` hook we are skipping the remaining tests in the current suite: `Authentication Flow`\n    at <unknown> (http://localhost:5000/__cypress/runner/cypress_runner.js:135785:72)\n    at tryCatcher (http://localhost:5000/__cypress/runner/cypress_runner.js:1777:23)\n    at Promise._settlePromiseFromHandler (http://localhost:5000/__cypress/runner/cypress_runner.js:1489:31)\n    at Promise._settlePromise (http://localhost:5000/__cypress/runner/cypress_runner.js:1546:18)\n    at Promise._settlePromise0 (http://localhost:5000/__cypress/runner/cypress_runner.js:1591:10)\n    at Promise._settlePromises (http://localhost:5000/__cypress/runner/cypress_runner.js:1671:18)\n    at _drainQueueStep (http://localhost:5000/__cypress/runner/cypress_runner.js:2377:12)\n    at _drainQueue (http://localhost:5000/__cypress/runner/cypress_runner.js:2370:9)\n    at Async._drainQueues (http://localhost:5000/__cypress/runner/cypress_runner.js:2386:5)\n    at Async.drainQueues (http://localhost:5000/__cypress/runner/cypress_runner.js:2256:14)\nFrom Your Spec Code:\n    at Context.eval (webpack://mern/./cypress/support/commands.js:19:5)\n    at wrapped (http://localhost:5000/__cypress/runner/cypress_runner.js:145673:43)",
                    "diff": null
                  },
                  "uuid": "b5993086-d5e9-42f8-b563-ece873f3e2b2",
                  "parentUUID": "13ba44d9-5070-464a-9bc1-c4698ffbe370",
                  "isHook": false,
                  "skipped": false
                },
                {
                  "title": "should show validation errors for invalid input",
                  "fullTitle": "Authentication Flow User Registration should show validation errors for invalid input",
                  "timedOut": null,
                  "duration": 0,
                  "state": "skipped",
                  "speed": null,
                  "pass": false,
                  "fail": false,
                  "pending": false,
                  "context": null,
                  "code": "cy.visit('/register');\ncy.get('[data-testid=\"register-button\"]').click();\ncy.get('[data-testid=\"error-message\"]').should('be.visible');\ncy.url().should('include', '/register');",
                  "err": {},
                  "uuid": "1abc9b7b-e590-4364-8f55-db05c045314d",
                  "parentUUID": "13ba44d9-5070-464a-9bc1-c4698ffbe370",
                  "isHook": false,
                  "skipped": true
                }
              ],
              "suites": [],
              "passes": [],
              "failures": [
                "b5993086-d5e9-42f8-b563-ece873f3e2b2"
              ],
              "pending": [],
              "skipped": [
                "1abc9b7b-e590-4364-8f55-db05c045314d"
              ],
              "duration": 159,
              "root": false,
              "rootEmpty": false,
              "_timeout": 2000
            },
            {
              "uuid": "706141f9-b7e9-491b-9695-566d55f31b1e",
              "title": "User Login",
              "fullFile": "",
              "file": "",
              "beforeHooks": [],
              "afterHooks": [],
              "tests": [
                {
                  "title": "should login successfully with valid credentials",
                  "fullTitle": "Authentication Flow User Login should login successfully with valid credentials",
                  "timedOut": null,
                  "duration": 0,
                  "state": "skipped",
                  "speed": null,
                  "pass": false,
                  "fail": false,
                  "pending": false,
                  "context": null,
                  "code": "cy.login('test@example.com', 'Password123!');\ncy.url().should('include', '/dashboard');\ncy.get('[data-testid=\"user-menu\"]').should('be.visible');",
                  "err": {},
                  "uuid": "2d29e9fb-0d90-45d1-ba57-75def8f9e015",
                  "parentUUID": null,
                  "isHook": false,
                  "skipped": true
                },
                {
                  "title": "should show error for invalid credentials",
                  "fullTitle": "Authentication Flow User Login should show error for invalid credentials",
                  "timedOut": null,
                  "duration": 0,
                  "state": "skipped",
                  "speed": null,
                  "pass": false,
                  "fail": false,
                  "pending": false,
                  "context": null,
                  "code": "cy.visit('/login');\ncy.get('[data-testid=\"email-input\"]').type('wrong@example.com');\ncy.get('[data-testid=\"password-input\"]').type('wrongpassword');\ncy.get('[data-testid=\"login-button\"]').click();\ncy.get('[data-testid=\"error-message\"]').should('be.visible').and('contain', 'Invalid credentials');",
                  "err": {},
                  "uuid": "11569151-8ad6-450f-9a1c-21a7386bc050",
                  "parentUUID": null,
                  "isHook": false,
                  "skipped": true
                }
              ],
              "suites": [],
              "passes": [],
              "failures": [],
              "pending": [],
              "skipped": [
                "2d29e9fb-0d90-45d1-ba57-75def8f9e015",
                "11569151-8ad6-450f-9a1c-21a7386bc050"
              ],
              "duration": 0,
              "root": false,
              "rootEmpty": false,
              "_timeout": 2000
            },
            {
              "uuid": "57877d1a-3b11-432c-9428-f00354e61260",
              "title": "User Logout",
              "fullFile": "",
              "file": "",
              "beforeHooks": [],
              "afterHooks": [],
              "tests": [
                {
                  "title": "should logout successfully",
                  "fullTitle": "Authentication Flow User Logout should logout successfully",
                  "timedOut": null,
                  "duration": 0,
                  "state": "skipped",
                  "speed": null,
                  "pass": false,
                  "fail": false,
                  "pending": false,
                  "context": null,
                  "code": "cy.seedData({\n  users: [{\n    email: 'test@example.com',\n    password: 'Password123!',\n    username: 'testuser'\n  }]\n});\ncy.login('test@example.com', 'Password123!');\ncy.get('[data-testid=\"user-menu\"]').click();\ncy.get('[data-testid=\"logout-button\"]').click();\ncy.url().should('include', '/login');\ncy.get('[data-testid=\"user-menu\"]').should('not.exist');",
                  "err": {},
                  "uuid": "bfd39a72-e8a7-4abd-91bd-c4e4081f8dfd",
                  "parentUUID": null,
                  "isHook": false,
                  "skipped": true
                }
              ],
              "suites": [],
              "passes": [],
              "failures": [],
              "pending": [],
              "skipped": [
                "bfd39a72-e8a7-4abd-91bd-c4e4081f8dfd"
              ],
              "duration": 0,
              "root": false,
              "rootEmpty": false,
              "_timeout": 2000
            }
          ],
          "passes": [],
          "failures": [],
          "pending": [],
          "skipped": [],
          "duration": 0,
          "root": false,
          "rootEmpty": false,
          "_timeout": 2000
        }
      ],
      "passes": [],
      "failures": [],
      "pending": [],
      "skipped": [],
      "duration": 0,
      "root": true,
      "rootEmpty": true,
      "_timeout": 2000
    }
  ],
  "meta": {
    "mocha": {
      "version": "7.2.0"
    },
    "mochawesome": {
      "options": {
        "quiet": false,
        "reportFilename": "mochawesome",
        "saveHtml": true,
        "saveJson": true,
        "consoleReporter": "spec",
        "useInlineDiffs": false,
        "code": true
      },
      "version": "7.1.4"
    },
    "marge": {
      "options": {
        "reportDir": "cypress/reports",
        "overwrite": false,
        "html": true,
        "json": true
      },
      "version": "6.3.2"
    }
  }
}